{"numFailedTestSuites":1,"numFailedTests":4,"numPassedTestSuites":0,"numPassedTests":11,"numPendingTestSuites":0,"numPendingTests":0,"numRuntimeErrorTestSuites":0,"numTodoTests":0,"numTotalTestSuites":1,"numTotalTests":15,"openHandles":[],"snapshot":{"added":0,"didUpdate":false,"failure":false,"filesAdded":0,"filesRemoved":0,"filesRemovedList":[],"filesUnmatched":0,"filesUpdated":0,"matched":0,"total":0,"unchecked":0,"uncheckedKeysByFile":[],"unmatched":0,"updated":0},"startTime":1789339283792,"success":false,"testResults":[{"assertionResults":[{"ancestorTitles":["US 68 - Abandonar un viaje (Suite completa de tests frontend)"],"duration":1163,"failureDetails":[],"failureMessages":[],"fullName":"US 68 - Abandonar un viaje (Suite completa de tests frontend) 1. muestra la opcion abandonar viaje a un participante aceptado en un viaje activo","invocations":1,"location":null,"numPassingAsserts":1,"retryReasons":[],"status":"passed","title":"1. muestra la opcion abandonar viaje a un participante aceptado en un viaje activo"},{"ancestorTitles":["US 68 - Abandonar un viaje (Suite completa de tests frontend)"],"duration":169,"failureDetails":[],"failureMessages":[],"fullName":"US 68 - Abandonar un viaje (Suite completa de tests frontend) 2. solicita confirmación antes de ejecutar el abandono","invocations":1,"location":null,"numPassingAsserts":1,"retryReasons":[],"status":"passed","title":"2. solicita confirmación antes de ejecutar el abandono"},{"ancestorTitles":["US 68 - Abandonar un viaje (Suite completa de tests frontend)"],"duration":177,"failureDetails":[],"failureMessages":[],"fullName":"US 68 - Abandonar un viaje (Suite completa de tests frontend) 3. cancela el abandono y el usuario sigue participando (no se llama a leaveTrip)","invocations":1,"location":null,"numPassingAsserts":1,"retryReasons":[],"status":"passed","title":"3. cancela el abandono y el usuario sigue participando (no se llama a leaveTrip)"},{"ancestorTitles":["US 68 - Abandonar un viaje (Suite completa de tests frontend)"],"duration":457,"failureDetails":[],"failureMessages":[],"fullName":"US 68 - Abandonar un viaje (Suite completa de tests frontend) 4. confirma el abandono, llama a leaveTrip y muestra el mensaje de confirmación","invocations":1,"location":null,"numPassingAsserts":1,"retryReasons":[],"status":"passed","title":"4. confirma el abandono, llama a leaveTrip y muestra el mensaje de confirmación"},{"ancestorTitles":["US 68 - Abandonar un viaje (Suite completa de tests frontend)"],"duration":267,"failureDetails":[],"failureMessages":[],"fullName":"US 68 - Abandonar un viaje (Suite completa de tests frontend) 5. al abandonar se muestra el banner de solo lectura y se ocultan las acciones de organización","invocations":1,"location":null,"numPassingAsserts":3,"retryReasons":[],"status":"passed","title":"5. al abandonar se muestra el banner de solo lectura y se ocultan las acciones de organización"},{"ancestorTitles":["US 68 - Abandonar un viaje (Suite completa de tests frontend)"],"duration":257,"failureDetails":[],"failureMessages":[],"fullName":"US 68 - Abandonar un viaje (Suite completa de tests frontend) 6. si el usuario es admin y hay otros participantes, pide transferir la administración antes de abandonar","invocations":1,"location":null,"numPassingAsserts":1,"retryReasons":[],"status":"passed","title":"6. si el usuario es admin y hay otros participantes, pide transferir la administración antes de abandonar"},{"ancestorTitles":["US 68 - Abandonar un viaje (Suite completa de tests frontend)"],"duration":258,"failureDetails":[],"failureMessages":[],"fullName":"US 68 - Abandonar un viaje (Suite completa de tests frontend) 7. si el admin intenta confirmar la salida sin elegir nuevo administrador, falla y no llama a leaveTrip","invocations":1,"location":null,"numPassingAsserts":1,"retryReasons":[],"status":"passed","title":"7. si el admin intenta confirmar la salida sin elegir nuevo administrador, falla y no llama a leaveTrip"},{"ancestorTitles":["US 68 - Abandonar un viaje (Suite completa de tests frontend)"],"duration":510,"failureDetails":[],"failureMessages":[],"fullName":"US 68 - Abandonar un viaje (Suite completa de tests frontend) 8. el admin elige un nuevo administrador y al confirmar se llama a leaveTrip con nuevoAdministradorId","invocations":1,"location":null,"numPassingAsserts":1,"retryReasons":[],"status":"passed","title":"8. el admin elige un nuevo administrador y al confirmar se llama a leaveTrip con nuevoAdministradorId"},{"ancestorTitles":["US 68 - Abandonar un viaje (Suite completa de tests frontend)"],"duration":274,"failureDetails":[],"failureMessages":[],"fullName":"US 68 - Abandonar un viaje (Suite completa de tests frontend) 9. si el admin es el único participante aceptado, se le pide confirmación directa (sin modal de transferencia)","invocations":1,"location":null,"numPassingAsserts":1,"retryReasons":[],"status":"passed","title":"9. si el admin es el único participante aceptado, se le pide confirmación directa (sin modal de transferencia)"},{"ancestorTitles":["US 68 - Abandonar un viaje (Suite completa de tests frontend)"],"duration":173,"failureDetails":[],"failureMessages":[],"fullName":"US 68 - Abandonar un viaje (Suite completa de tests frontend) 10. mostrar mensaje de error cuando se quiera abandonar un viaje que ya finalizó","invocations":1,"location":null,"numPassingAsserts":2,"retryReasons":[],"status":"passed","title":"10. mostrar mensaje de error cuando se quiera abandonar un viaje que ya finalizó"},{"ancestorTitles":["US 68 - Abandonar un viaje (Suite completa de tests frontend)"],"duration":112,"failureDetails":[],"failureMessages":[],"fullName":"US 68 - Abandonar un viaje (Suite completa de tests frontend) 11. en la pestaña de resumen, un viaje finalizado muestra 'Finalizado' y no 'En curso'","invocations":1,"location":null,"numPassingAsserts":2,"retryReasons":[],"status":"passed","title":"11. en la pestaña de resumen, un viaje finalizado muestra 'Finalizado' y no 'En curso'"},{"ancestorTitles":["US 68 - Abandonar un viaje (Suite completa de tests frontend)","US 77 - Visualizar resumen de viaje"],"duration":1,"failureDetails":[{}],"failureMessages":["ReferenceError: getTripSettlement is not defined\n    at Object.getTripSettlement (C:\\Users\\lulug\\Documents\\facu\\5to\\Proyecto Final\\CODE_CYANEA\\frontend\\src\\tests\\TripDetailScreen.test.js:384:7)\n    at Promise.then.completed (C:\\Users\\lulug\\Documents\\facu\\5to\\Proyecto Final\\CODE_CYANEA\\frontend\\node_modules\\jest-circus\\build\\utils.js:298:28)\n    at new Promise (<anonymous>)\n    at callAsyncCircusFn (C:\\Users\\lulug\\Documents\\facu\\5to\\Proyecto Final\\CODE_CYANEA\\frontend\\node_modules\\jest-circus\\build\\utils.js:231:10)\n    at _callCircusHook (C:\\Users\\lulug\\Documents\\facu\\5to\\Proyecto Final\\CODE_CYANEA\\frontend\\node_modules\\jest-circus\\build\\run.js:281:40)\n    at _runTest (C:\\Users\\lulug\\Documents\\facu\\5to\\Proyecto Final\\CODE_CYANEA\\frontend\\node_modules\\jest-circus\\build\\run.js:246:5)\n    at _runTestsForDescribeBlock (C:\\Users\\lulug\\Documents\\facu\\5to\\Proyecto Final\\CODE_CYANEA\\frontend\\node_modules\\jest-circus\\build\\run.js:126:9)\n    at _runTestsForDescribeBlock (C:\\Users\\lulug\\Documents\\facu\\5to\\Proyecto Final\\CODE_CYANEA\\frontend\\node_modules\\jest-circus\\build\\run.js:121:9)\n    at _runTestsForDescribeBlock (C:\\Users\\lulug\\Documents\\facu\\5to\\Proyecto Final\\CODE_CYANEA\\frontend\\node_modules\\jest-circus\\build\\run.js:121:9)\n    at run (C:\\Users\\lulug\\Documents\\facu\\5to\\Proyecto Final\\CODE_CYANEA\\frontend\\node_modules\\jest-circus\\build\\run.js:71:3)\n    at runAndTransformResultsToJestFormat (C:\\Users\\lulug\\Documents\\facu\\5to\\Proyecto Final\\CODE_CYANEA\\frontend\\node_modules\\jest-circus\\build\\legacy-code-todo-rewrite\\jestAdapterInit.js:122:21)\n    at jestAdapter (C:\\Users\\lulug\\Documents\\facu\\5to\\Proyecto Final\\CODE_CYANEA\\frontend\\node_modules\\jest-circus\\build\\legacy-code-todo-rewrite\\jestAdapter.js:79:19)\n    at runTestInternal (C:\\Users\\lulug\\Documents\\facu\\5to\\Proyecto Final\\CODE_CYANEA\\frontend\\node_modules\\jest-runner\\build\\runTest.js:367:16)\n    at runTest (C:\\Users\\lulug\\Documents\\facu\\5to\\Proyecto Final\\CODE_CYANEA\\frontend\\node_modules\\jest-runner\\build\\runTest.js:444:34)"],"fullName":"US 68 - Abandonar un viaje (Suite completa de tests frontend) US 77 - Visualizar resumen de viaje 1. la vista de resumen se renderiza con las métricas clave del viaje","invocations":1,"location":null,"numPassingAsserts":0,"retryReasons":[],"status":"failed","title":"1. la vista de resumen se renderiza con las métricas clave del viaje"},{"ancestorTitles":["US 68 - Abandonar un viaje (Suite completa de tests frontend)","US 77 - Visualizar resumen de viaje"],"duration":1,"failureDetails":[{}],"failureMessages":["ReferenceError: getTripSettlement is not defined\n    at Object.getTripSettlement (C:\\Users\\lulug\\Documents\\facu\\5to\\Proyecto Final\\CODE_CYANEA\\frontend\\src\\tests\\TripDetailScreen.test.js:384:7)\n    at Promise.then.completed (C:\\Users\\lulug\\Documents\\facu\\5to\\Proyecto Final\\CODE_CYANEA\\frontend\\node_modules\\jest-circus\\build\\utils.js:298:28)\n    at new Promise (<anonymous>)\n    at callAsyncCircusFn (C:\\Users\\lulug\\Documents\\facu\\5to\\Proyecto Final\\CODE_CYANEA\\frontend\\node_modules\\jest-circus\\build\\utils.js:231:10)\n    at _callCircusHook (C:\\Users\\lulug\\Documents\\facu\\5to\\Proyecto Final\\CODE_CYANEA\\frontend\\node_modules\\jest-circus\\build\\run.js:281:40)\n    at _runTest (C:\\Users\\lulug\\Documents\\facu\\5to\\Proyecto Final\\CODE_CYANEA\\frontend\\node_modules\\jest-circus\\build\\run.js:246:5)\n    at _runTestsForDescribeBlock (C:\\Users\\lulug\\Documents\\facu\\5to\\Proyecto Final\\CODE_CYANEA\\frontend\\node_modules\\jest-circus\\build\\run.js:126:9)\n    at _runTestsForDescribeBlock (C:\\Users\\lulug\\Documents\\facu\\5to\\Proyecto Final\\CODE_CYANEA\\frontend\\node_modules\\jest-circus\\build\\run.js:121:9)\n    at _runTestsForDescribeBlock (C:\\Users\\lulug\\Documents\\facu\\5to\\Proyecto Final\\CODE_CYANEA\\frontend\\node_modules\\jest-circus\\build\\run.js:121:9)\n    at run (C:\\Users\\lulug\\Documents\\facu\\5to\\Proyecto Final\\CODE_CYANEA\\frontend\\node_modules\\jest-circus\\build\\run.js:71:3)\n    at runAndTransformResultsToJestFormat (C:\\Users\\lulug\\Documents\\facu\\5to\\Proyecto Final\\CODE_CYANEA\\frontend\\node_modules\\jest-circus\\build\\legacy-code-todo-rewrite\\jestAdapterInit.js:122:21)\n    at jestAdapter (C:\\Users\\lulug\\Documents\\facu\\5to\\Proyecto Final\\CODE_CYANEA\\frontend\\node_modules\\jest-circus\\build\\legacy-code-todo-rewrite\\jestAdapter.js:79:19)\n    at runTestInternal (C:\\Users\\lulug\\Documents\\facu\\5to\\Proyecto Final\\CODE_CYANEA\\frontend\\node_modules\\jest-runner\\build\\runTest.js:367:16)\n    at runTest (C:\\Users\\lulug\\Documents\\facu\\5to\\Proyecto Final\\CODE_CYANEA\\frontend\\node_modules\\jest-runner\\build\\runTest.js:444:34)"],"fullName":"US 68 - Abandonar un viaje (Suite completa de tests frontend) US 77 - Visualizar resumen de viaje 2. se muestra la sumatoria total de gastos con la moneda del viaje","invocations":1,"location":null,"numPassingAsserts":0,"retryReasons":[],"status":"failed","title":"2. se muestra la sumatoria total de gastos con la moneda del viaje"},{"ancestorTitles":["US 68 - Abandonar un viaje (Suite completa de tests frontend)","US 77 - Visualizar resumen de viaje"],"duration":3,"failureDetails":[{}],"failureMessages":["ReferenceError: getTripSettlement is not defined\n    at Object.getTripSettlement (C:\\Users\\lulug\\Documents\\facu\\5to\\Proyecto Final\\CODE_CYANEA\\frontend\\src\\tests\\TripDetailScreen.test.js:384:7)\n    at Promise.then.completed (C:\\Users\\lulug\\Documents\\facu\\5to\\Proyecto Final\\CODE_CYANEA\\frontend\\node_modules\\jest-circus\\build\\utils.js:298:28)\n    at new Promise (<anonymous>)\n    at callAsyncCircusFn (C:\\Users\\lulug\\Documents\\facu\\5to\\Proyecto Final\\CODE_CYANEA\\frontend\\node_modules\\jest-circus\\build\\utils.js:231:10)\n    at _callCircusHook (C:\\Users\\lulug\\Documents\\facu\\5to\\Proyecto Final\\CODE_CYANEA\\frontend\\node_modules\\jest-circus\\build\\run.js:281:40)\n    at _runTest (C:\\Users\\lulug\\Documents\\facu\\5to\\Proyecto Final\\CODE_CYANEA\\frontend\\node_modules\\jest-circus\\build\\run.js:246:5)\n    at _runTestsForDescribeBlock (C:\\Users\\lulug\\Documents\\facu\\5to\\Proyecto Final\\CODE_CYANEA\\frontend\\node_modules\\jest-circus\\build\\run.js:126:9)\n    at _runTestsForDescribeBlock (C:\\Users\\lulug\\Documents\\facu\\5to\\Proyecto Final\\CODE_CYANEA\\frontend\\node_modules\\jest-circus\\build\\run.js:121:9)\n    at _runTestsForDescribeBlock (C:\\Users\\lulug\\Documents\\facu\\5to\\Proyecto Final\\CODE_CYANEA\\frontend\\node_modules\\jest-circus\\build\\run.js:121:9)\n    at run (C:\\Users\\lulug\\Documents\\facu\\5to\\Proyecto Final\\CODE_CYANEA\\frontend\\node_modules\\jest-circus\\build\\run.js:71:3)\n    at runAndTransformResultsToJestFormat (C:\\Users\\lulug\\Documents\\facu\\5to\\Proyecto Final\\CODE_CYANEA\\frontend\\node_modules\\jest-circus\\build\\legacy-code-todo-rewrite\\jestAdapterInit.js:122:21)\n    at jestAdapter (C:\\Users\\lulug\\Documents\\facu\\5to\\Proyecto Final\\CODE_CYANEA\\frontend\\node_modules\\jest-circus\\build\\legacy-code-todo-rewrite\\jestAdapter.js:79:19)\n    at runTestInternal (C:\\Users\\lulug\\Documents\\facu\\5to\\Proyecto Final\\CODE_CYANEA\\frontend\\node_modules\\jest-runner\\build\\runTest.js:367:16)\n    at runTest (C:\\Users\\lulug\\Documents\\facu\\5to\\Proyecto Final\\CODE_CYANEA\\frontend\\node_modules\\jest-runner\\build\\runTest.js:444:34)"],"fullName":"US 68 - Abandonar un viaje (Suite completa de tests frontend) US 77 - Visualizar resumen de viaje 6. los contadores rápidos reflejan gastos, documentos y decisiones actuales","invocations":1,"location":null,"numPassingAsserts":0,"retryReasons":[],"status":"failed","title":"6. los contadores rápidos reflejan gastos, documentos y decisiones actuales"},{"ancestorTitles":["US 68 - Abandonar un viaje (Suite completa de tests frontend)","US 77 - Visualizar resumen de viaje"],"duration":1,"failureDetails":[{}],"failureMessages":["ReferenceError: getTripSettlement is not defined\n    at Object.getTripSettlement (C:\\Users\\lulug\\Documents\\facu\\5to\\Proyecto Final\\CODE_CYANEA\\frontend\\src\\tests\\TripDetailScreen.test.js:384:7)\n    at Promise.then.completed (C:\\Users\\lulug\\Documents\\facu\\5to\\Proyecto Final\\CODE_CYANEA\\frontend\\node_modules\\jest-circus\\build\\utils.js:298:28)\n    at new Promise (<anonymous>)\n    at callAsyncCircusFn (C:\\Users\\lulug\\Documents\\facu\\5to\\Proyecto Final\\CODE_CYANEA\\frontend\\node_modules\\jest-circus\\build\\utils.js:231:10)\n    at _callCircusHook (C:\\Users\\lulug\\Documents\\facu\\5to\\Proyecto Final\\CODE_CYANEA\\frontend\\node_modules\\jest-circus\\build\\run.js:281:40)\n    at _runTest (C:\\Users\\lulug\\Documents\\facu\\5to\\Proyecto Final\\CODE_CYANEA\\frontend\\node_modules\\jest-circus\\build\\run.js:246:5)\n    at _runTestsForDescribeBlock (C:\\Users\\lulug\\Documents\\facu\\5to\\Proyecto Final\\CODE_CYANEA\\frontend\\node_modules\\jest-circus\\build\\run.js:126:9)\n    at _runTestsForDescribeBlock (C:\\Users\\lulug\\Documents\\facu\\5to\\Proyecto Final\\CODE_CYANEA\\frontend\\node_modules\\jest-circus\\build\\run.js:121:9)\n    at _runTestsForDescribeBlock (C:\\Users\\lulug\\Documents\\facu\\5to\\Proyecto Final\\CODE_CYANEA\\frontend\\node_modules\\jest-circus\\build\\run.js:121:9)\n    at run (C:\\Users\\lulug\\Documents\\facu\\5to\\Proyecto Final\\CODE_CYANEA\\frontend\\node_modules\\jest-circus\\build\\run.js:71:3)\n    at runAndTransformResultsToJestFormat (C:\\Users\\lulug\\Documents\\facu\\5to\\Proyecto Final\\CODE_CYANEA\\frontend\\node_modules\\jest-circus\\build\\legacy-code-todo-rewrite\\jestAdapterInit.js:122:21)\n    at jestAdapter (C:\\Users\\lulug\\Documents\\facu\\5to\\Proyecto Final\\CODE_CYANEA\\frontend\\node_modules\\jest-circus\\build\\legacy-code-todo-rewrite\\jestAdapter.js:79:19)\n    at runTestInternal (C:\\Users\\lulug\\Documents\\facu\\5to\\Proyecto Final\\CODE_CYANEA\\frontend\\node_modules\\jest-runner\\build\\runTest.js:367:16)\n    at runTest (C:\\Users\\lulug\\Documents\\facu\\5to\\Proyecto Final\\CODE_CYANEA\\frontend\\node_modules\\jest-runner\\build\\runTest.js:444:34)"],"fullName":"US 68 - Abandonar un viaje (Suite completa de tests frontend) US 77 - Visualizar resumen de viaje 7. al presionar un acceso rápido se redirige a la sección correspondiente","invocations":1,"location":null,"numPassingAsserts":0,"retryReasons":[],"status":"failed","title":"7. al presionar un acceso rápido se redirige a la sección correspondiente"}],"endTime":1789339293306,"message":"\u001b[1m\u001b[31m  \u001b[1m● \u001b[22m\u001b[1mUS 68 - Abandonar un viaje (Suite completa de tests frontend) › US 77 - Visualizar resumen de viaje › 1. la vista de resumen se renderiza con las métricas clave del viaje\u001b[39m\u001b[22m\n\n    ReferenceError: getTripSettlement is not defined\n\u001b[2m\u001b[22m\n\u001b[2m    \u001b[0m \u001b[90m 382 |\u001b[39m     beforeEach(() \u001b[33m=>\u001b[39m {\u001b[22m\n\u001b[2m     \u001b[90m 383 |\u001b[39m       getTripDetail\u001b[33m.\u001b[39mmockResolvedValue(tripSummary)\u001b[33m;\u001b[39m\u001b[22m\n\u001b[2m    \u001b[31m\u001b[1m>\u001b[22m\u001b[2m\u001b[39m\u001b[90m 384 |\u001b[39m       getTripSettlement\u001b[33m.\u001b[39mmockResolvedValue({\u001b[22m\n\u001b[2m     \u001b[90m     |\u001b[39m       \u001b[31m\u001b[1m^\u001b[22m\u001b[2m\u001b[39m\u001b[22m\n\u001b[2m     \u001b[90m 385 |\u001b[39m         \u001b[33mMoneda\u001b[39m\u001b[33m:\u001b[39m \u001b[32m\"USD\"\u001b[39m\u001b[33m,\u001b[39m\u001b[22m\n\u001b[2m     \u001b[90m 386 |\u001b[39m         \u001b[33mTotalGastosViaje\u001b[39m\u001b[33m:\u001b[39m \u001b[35m1250\u001b[39m\u001b[33m,\u001b[39m\u001b[22m\n\u001b[2m     \u001b[90m 387 |\u001b[39m         \u001b[33mTotalGastosRegistrados\u001b[39m\u001b[33m:\u001b[39m \u001b[35m3\u001b[39m\u001b[33m,\u001b[39m\u001b[0m\u001b[22m\n\u001b[2m\u001b[22m\n\u001b[2m      \u001b[2mat Object.getTripSettlement (\u001b[22m\u001b[2m\u001b[0m\u001b[36msrc/tests/TripDetailScreen.test.js\u001b[39m\u001b[0m\u001b[2m:384:7)\u001b[22m\u001b[2m\u001b[22m\n\n\u001b[1m\u001b[31m  \u001b[1m● \u001b[22m\u001b[1mUS 68 - Abandonar un viaje (Suite completa de tests frontend) › US 77 - Visualizar resumen de viaje › 2. se muestra la sumatoria total de gastos con la moneda del viaje\u001b[39m\u001b[22m\n\n    ReferenceError: getTripSettlement is not defined\n\u001b[2m\u001b[22m\n\u001b[2m    \u001b[0m \u001b[90m 382 |\u001b[39m     beforeEach(() \u001b[33m=>\u001b[39m {\u001b[22m\n\u001b[2m     \u001b[90m 383 |\u001b[39m       getTripDetail\u001b[33m.\u001b[39mmockResolvedValue(tripSummary)\u001b[33m;\u001b[39m\u001b[22m\n\u001b[2m    \u001b[31m\u001b[1m>\u001b[22m\u001b[2m\u001b[39m\u001b[90m 384 |\u001b[39m       getTripSettlement\u001b[33m.\u001b[39mmockResolvedValue({\u001b[22m\n\u001b[2m     \u001b[90m     |\u001b[39m       \u001b[31m\u001b[1m^\u001b[22m\u001b[2m\u001b[39m\u001b[22m\n\u001b[2m     \u001b[90m 385 |\u001b[39m         \u001b[33mMoneda\u001b[39m\u001b[33m:\u001b[39m \u001b[32m\"USD\"\u001b[39m\u001b[33m,\u001b[39m\u001b[22m\n\u001b[2m     \u001b[90m 386 |\u001b[39m         \u001b[33mTotalGastosViaje\u001b[39m\u001b[33m:\u001b[39m \u001b[35m1250\u001b[39m\u001b[33m,\u001b[39m\u001b[22m\n\u001b[2m     \u001b[90m 387 |\u001b[39m         \u001b[33mTotalGastosRegistrados\u001b[39m\u001b[33m:\u001b[39m \u001b[35m3\u001b[39m\u001b[33m,\u001b[39m\u001b[0m\u001b[22m\n\u001b[2m\u001b[22m\n\u001b[2m      \u001b[2mat Object.getTripSettlement (\u001b[22m\u001b[2m\u001b[0m\u001b[36msrc/tests/TripDetailScreen.test.js\u001b[39m\u001b[0m\u001b[2m:384:7)\u001b[22m\u001b[2m\u001b[22m\n\n\u001b[1m\u001b[31m  \u001b[1m● \u001b[22m\u001b[1mUS 68 - Abandonar un viaje (Suite completa de tests frontend) › US 77 - Visualizar resumen de viaje › 6. los contadores rápidos reflejan gastos, documentos y decisiones actuales\u001b[39m\u001b[22m\n\n    ReferenceError: getTripSettlement is not defined\n\u001b[2m\u001b[22m\n\u001b[2m    \u001b[0m \u001b[90m 382 |\u001b[39m     beforeEach(() \u001b[33m=>\u001b[39m {\u001b[22m\n\u001b[2m     \u001b[90m 383 |\u001b[39m       getTripDetail\u001b[33m.\u001b[39mmockResolvedValue(tripSummary)\u001b[33m;\u001b[39m\u001b[22m\n\u001b[2m    \u001b[31m\u001b[1m>\u001b[22m\u001b[2m\u001b[39m\u001b[90m 384 |\u001b[39m       getTripSettlement\u001b[33m.\u001b[39mmockResolvedValue({\u001b[22m\n\u001b[2m     \u001b[90m     |\u001b[39m       \u001b[31m\u001b[1m^\u001b[22m\u001b[2m\u001b[39m\u001b[22m\n\u001b[2m     \u001b[90m 385 |\u001b[39m         \u001b[33mMoneda\u001b[39m\u001b[33m:\u001b[39m \u001b[32m\"USD\"\u001b[39m\u001b[33m,\u001b[39m\u001b[22m\n\u001b[2m     \u001b[90m 386 |\u001b[39m         \u001b[33mTotalGastosViaje\u001b[39m\u001b[33m:\u001b[39m \u001b[35m1250\u001b[39m\u001b[33m,\u001b[39m\u001b[22m\n\u001b[2m     \u001b[90m 387 |\u001b[39m         \u001b[33mTotalGastosRegistrados\u001b[39m\u001b[33m:\u001b[39m \u001b[35m3\u001b[39m\u001b[33m,\u001b[39m\u001b[0m\u001b[22m\n\u001b[2m\u001b[22m\n\u001b[2m      \u001b[2mat Object.getTripSettlement (\u001b[22m\u001b[2m\u001b[0m\u001b[36msrc/tests/TripDetailScreen.test.js\u001b[39m\u001b[0m\u001b[2m:384:7)\u001b[22m\u001b[2m\u001b[22m\n\n\u001b[1m\u001b[31m  \u001b[1m● \u001b[22m\u001b[1mUS 68 - Abandonar un viaje (Suite completa de tests frontend) › US 77 - Visualizar resumen de viaje › 7. al presionar un acceso rápido se redirige a la sección correspondiente\u001b[39m\u001b[22m\n\n    ReferenceError: getTripSettlement is not defined\n\u001b[2m\u001b[22m\n\u001b[2m    \u001b[0m \u001b[90m 382 |\u001b[39m     beforeEach(() \u001b[33m=>\u001b[39m {\u001b[22m\n\u001b[2m     \u001b[90m 383 |\u001b[39m       getTripDetail\u001b[33m.\u001b[39mmockResolvedValue(tripSummary)\u001b[33m;\u001b[39m\u001b[22m\n\u001b[2m    \u001b[31m\u001b[1m>\u001b[22m\u001b[2m\u001b[39m\u001b[90m 384 |\u001b[39m       getTripSettlement\u001b[33m.\u001b[39mmockResolvedValue({\u001b[22m\n\u001b[2m     \u001b[90m     |\u001b[39m       \u001b[31m\u001b[1m^\u001b[22m\u001b[2m\u001b[39m\u001b[22m\n\u001b[2m     \u001b[90m 385 |\u001b[39m         \u001b[33mMoneda\u001b[39m\u001b[33m:\u001b[39m \u001b[32m\"USD\"\u001b[39m\u001b[33m,\u001b[39m\u001b[22m\n\u001b[2m     \u001b[90m 386 |\u001b[39m         \u001b[33mTotalGastosViaje\u001b[39m\u001b[33m:\u001b[39m \u001b[35m1250\u001b[39m\u001b[33m,\u001b[39m\u001b[22m\n\u001b[2m     \u001b[90m 387 |\u001b[39m         \u001b[33mTotalGastosRegistrados\u001b[39m\u001b[33m:\u001b[39m \u001b[35m3\u001b[39m\u001b[33m,\u001b[39m\u001b[0m\u001b[22m\n\u001b[2m\u001b[22m\n\u001b[2m      \u001b[2mat Object.getTripSettlement (\u001b[22m\u001b[2m\u001b[0m\u001b[36msrc/tests/TripDetailScreen.test.js\u001b[39m\u001b[0m\u001b[2m:384:7)\u001b[22m\u001b[2m\u001b[22m\n","name":"C:\\Users\\lulug\\Documents\\facu\\5to\\Proyecto Final\\CODE_CYANEA\\frontend\\src\\tests\\TripDetailScreen.test.js","startTime":1789339284171,"status":"failed","summary":""}],"wasInterrupted":false}
